<?xml version="1.0" encoding="UTF-8"?>
<!-- Generated by org.testng.reporters.JUnitReportReporter -->
<testsuite hostname="DESKTOP-92L7CGC" failures="0" tests="1" name="TestNgStudy.Parametarization" time="0.019" errors="0" timestamp="2023-12-18T04:57:54 MST" skipped="0">
  <testcase classname="TestNgStudy.Parametarization" name="showname" time="0.019"/>
  <system-out/>
</testsuite> <!-- TestNgStudy.Parametarization -->
