<?xml version="1.0" encoding="UTF-8"?>
<!-- Generated by org.testng.reporters.JUnitReportReporter -->
<testsuite hostname="DESKTOP-92L7CGC" failures="0" tests="3" name="TestNgStudy.DependencyManagement" time="0.008" errors="0" timestamp="2023-12-18T03:16:46 MST" skipped="0">
  <testcase classname="TestNgStudy.DependencyManagement" name="Engineering" time="0.002"/>
  <system-out/>
  <testcase classname="TestNgStudy.DependencyManagement" name="Secondary" time="0.003"/>
  <system-out/>
  <testcase classname="TestNgStudy.DependencyManagement" name="PG" time="0.003"/>
  <system-out/>
</testsuite> <!-- TestNgStudy.DependencyManagement -->
