<?xml version="1.0" encoding="UTF-8"?>
<!-- Generated by org.testng.reporters.JUnitReportReporter -->
<testsuite hostname="DESKTOP-92L7CGC" failures="0" tests="3" name="TestNgStudy.SkipTestCase" time="0.003" errors="0" timestamp="2023-12-18T03:16:46 MST" skipped="2">
  <testcase classname="TestNgStudy.SkipTestCase" name="test2" time="0.003"/>
  <system-out/>
  <testcase classname="TestNgStudy.SkipTestCase" name="test1">
    <skipped/>
  </testcase> <!-- test1 -->
  <system-out/>
  <testcase classname="TestNgStudy.SkipTestCase" name="test3">
    <skipped/>
  </testcase> <!-- test3 -->
  <system-out/>
</testsuite> <!-- TestNgStudy.SkipTestCase -->
