<?xml version="1.0" encoding="UTF-8"?>
<!-- Generated by org.testng.reporters.JUnitReportReporter -->
<testsuite hostname="DESKTOP-92L7CGC" failures="0" tests="3" name="TestNgStudy.PriorityDemo" time="0.027" errors="0" timestamp="2023-12-17T23:33:16 MST" skipped="0">
  <testcase classname="TestNgStudy.PriorityDemo" name="red" time="0.017"/>
  <system-out/>
  <testcase classname="TestNgStudy.PriorityDemo" name="white" time="0.005"/>
  <system-out/>
  <testcase classname="TestNgStudy.PriorityDemo" name="orange" time="0.005"/>
  <system-out/>
</testsuite> <!-- TestNgStudy.PriorityDemo -->
