<?xml version="1.0" encoding="UTF-8"?>
<!-- Generated by org.testng.reporters.JUnitReportReporter -->
<testsuite hostname="DESKTOP-92L7CGC" failures="0" tests="3" name="TestNgStudy.OrderExecution" time="0.051" errors="0" timestamp="2023-12-17T23:26:24 MST" skipped="0">
  <testcase classname="TestNgStudy.OrderExecution" name="test3" time="0.002"/>
  <system-out/>
  <testcase classname="TestNgStudy.OrderExecution" name="test1" time="0.048"/>
  <system-out/>
  <testcase classname="TestNgStudy.OrderExecution" name="test2" time="0.001"/>
  <system-out/>
</testsuite> <!-- TestNgStudy.OrderExecution -->
