<?xml version="1.0" encoding="UTF-8"?>
<!-- Generated by org.testng.reporters.JUnitReportReporter -->
<testsuite hostname="DESKTOP-92L7CGC" failures="0" tests="3" name="TestNgStudy.OrderExecution" time="0.030" errors="0" timestamp="2023-12-18T03:16:46 MST" skipped="0">
  <testcase classname="TestNgStudy.OrderExecution" name="test3" time="0.005"/>
  <system-out/>
  <testcase classname="TestNgStudy.OrderExecution" name="test2" time="0.005"/>
  <system-out/>
  <testcase classname="TestNgStudy.OrderExecution" name="test1" time="0.020"/>
  <system-out/>
</testsuite> <!-- TestNgStudy.OrderExecution -->
