<?xml version="1.0" encoding="UTF-8"?>
<!-- Generated by org.testng.reporters.JUnitReportReporter -->
<testsuite hostname="DESKTOP-92L7CGC" failures="0" tests="2" name="TestNgStudy.Grouping" time="0.020" errors="0" timestamp="2023-12-18T03:28:41 MST" skipped="0">
  <testcase classname="TestNgStudy.Grouping" name="apple1" time="0.016"/>
  <system-out/>
  <testcase classname="TestNgStudy.Grouping" name="apple2" time="0.004"/>
  <system-out/>
</testsuite> <!-- TestNgStudy.Grouping -->
