<?xml version="1.0" encoding="UTF-8"?>
<!-- Generated by org.testng.reporters.JUnitReportReporter -->
<testsuite hostname="DESKTOP-92L7CGC" failures="0" tests="3" name="TestNgStudy.PriorityDemo" time="0.014" errors="0" timestamp="2023-12-18T03:16:46 MST" skipped="0">
  <testcase classname="TestNgStudy.PriorityDemo" name="red" time="0.004"/>
  <system-out/>
  <testcase classname="TestNgStudy.PriorityDemo" name="white" time="0.003"/>
  <system-out/>
  <testcase classname="TestNgStudy.PriorityDemo" name="orange" time="0.007"/>
  <system-out/>
</testsuite> <!-- TestNgStudy.PriorityDemo -->
